<?xml version="1.0" encoding="UTF-8"?>
<testng-results skipped="0" failed="0" total="1" passed="1">
  <reporter-output>
  </reporter-output>
  <suite name="Default suite" duration-ms="31230" started-at="2017-07-30T04:24:48Z" finished-at="2017-07-30T04:25:19Z">
    <groups>
    </groups>
    <test name="Default test" duration-ms="31230" started-at="2017-07-30T04:24:48Z" finished-at="2017-07-30T04:25:19Z">
      <class name="Testcase.VerifyHomePage">
        <test-method status="PASS" signature="setUp()[pri:0, instance:Testcase.VerifyHomePage@4c70fda8]" name="setUp" is-config="true" duration-ms="29503" started-at="2017-07-30T09:54:48Z" finished-at="2017-07-30T09:55:17Z">
          <reporter-output>
          </reporter-output>
        </test-method> <!-- setUp -->
        <test-method status="PASS" signature="testHomePage()[pri:0, instance:Testcase.VerifyHomePage@4c70fda8]" name="testHomePage" duration-ms="254" started-at="2017-07-30T09:55:17Z" finished-at="2017-07-30T09:55:18Z">
          <reporter-output>
          </reporter-output>
        </test-method> <!-- testHomePage -->
        <test-method status="PASS" signature="tearDown()[pri:0, instance:Testcase.VerifyHomePage@4c70fda8]" name="tearDown" is-config="true" duration-ms="1425" started-at="2017-07-30T09:55:18Z" finished-at="2017-07-30T09:55:19Z">
          <reporter-output>
          </reporter-output>
        </test-method> <!-- tearDown -->
      </class> <!-- Testcase.VerifyHomePage -->
    </test> <!-- Default test -->
  </suite> <!-- Default suite -->
</testng-results>
